3.9191 	WARNING 	We strongly recommend you activate the PTB sound engine in PsychoPy prefs as the preferred audio engine. Its timing is vastly superior. Your prefs are currently set to use ['sounddevice', 'PTB', 'pyo', 'pygame'] (in that order).
8.8685 	WARNING 	User requested fullscreen with size [1024  768], but screen is actually [1680, 1050]. Using actual size
11.2449 	WARNING 	Couldn't measure a consistent frame rate!
  - Is your graphics card set to sync to vertical blank?
  - Are you running other processes on your computer?

11.2454 	EXP 	Created window1 = Window(allowGUI=True, allowStencil=False, autoLog=True, backendConf=UNKNOWN, bitsMode=UNKNOWN, blendMode='avg', bpc=(8, 8, 8), color=array([0, 0, 0]), colorSpace='rgb', depthBits=8, fullscr=<method-wrapper '__getattribute__' of attributeSetter object at 0x7febaa7abc10>, gamma=None, gammaErrorPolicy='raise', lms=UNKNOWN, monitor=<psychopy.monitors.calibTools.Monitor object at 0x7feb777a5c40>, multiSample=False, name='window1', numSamples=2, pos=[420.0, 262.5], screen=0, size=array([3360, 2100]), stencilBits=0, stereo=False, units='height', useFBO=True, useRetina=True, viewOri=0.0, viewPos=None, viewScale=None, waitBlanking=True, winType='pyglet')
11.2458 	EXP 	window1: mouseVisible = True
11.2484 	EXP 	window1: mouseVisible = False
11.2485 	EXP 	window1: Attempting to measure frame rate of screen (0) ...
11.2485 	EXP 	window1: recordFrameIntervals = False
11.4038 	EXP 	window1: recordFrameIntervals = True
11.4820 	WARNING 	t of last frame was 20.17ms (=1/49)
11.7647 	WARNING 	t of last frame was 25.06ms (=1/39)
11.9143 	WARNING 	t of last frame was 22.64ms (=1/44)
12.5504 	WARNING 	t of last frame was 25.54ms (=1/39)
12.6648 	WARNING 	Multiple dropped frames have occurred - I'll stop bothering you about them!
13.0051 	WARNING 	Couldn't measure a consistent frame rate!
  - Is your graphics card set to sync to vertical blank?
  - Are you running other processes on your computer?

16.6176 	EXP 	Created text = TextStim(__class__=<class 'psychopy.visual.text.TextStim'>, alignHoriz=method-wrapper(...), alignText='center', alignVert=method-wrapper(...), anchorHoriz='center', anchorVert='center', antialias=True, autoDraw=False, autoLog=True, bold=False, color=array([1, 1, 1]), colorSpace='rgb', contrast=1.0, depth=0.0, flipHoriz=False, flipVert=False, font='Open Sans', fontFiles=[], height=0.1, italic=False, languageStyle='LTR', name='text', opacity=1.0, ori=0.0, pos=array([0., 0.]), rgb=UNKNOWN, text='Welcome to the SEAL Landmark Recognition Task', units='height', win=Window(...), wrapWidth=1)
16.6492 	EXP 	Created text_2 = TextStim(__class__=<class 'psychopy.visual.text.TextStim'>, alignHoriz=method-wrapper(...), alignText='center', alignVert=method-wrapper(...), anchorHoriz='center', anchorVert='center', antialias=True, autoDraw=False, autoLog=True, bold=False, color=array([1, 1, 1]), colorSpace='rgb', contrast=1.0, depth=0.0, flipHoriz=False, flipVert=False, font='Open Sans', fontFiles=[], height=0.05, italic=False, languageStyle='LTR', name='text_2', opacity=1.0, ori=0.0, pos=array([0., 0.]), rgb=UNKNOWN, text=str(...), units='height', win=Window(...), wrapWidth=1)
16.6561 	EXP 	Created LandmarkImage = ImageStim(__class__=<class 'psychopy.visual.image.ImageStim'>, anchor=('center', 'center'), autoLog=True, color=array([1, 1, 1]), colorSpace='rgb', contrast=1.0, depth=0.0, flipHoriz=False, flipVert=False, image='sin', interpolate=True, mask=None, maskParams=None, name='LandmarkImage', opacity=1.0, ori=0.0, pos=array([ 0.  , -0.02]), size=array([0.6, 0.7]), texRes=128.0, units='height', win=Window(...))
16.6616 	EXP 	Created Recog_Question = TextStim(__class__=<class 'psychopy.visual.text.TextStim'>, alignHoriz=method-wrapper(...), alignText='center', alignVert=method-wrapper(...), anchorHoriz='center', anchorVert='center', antialias=True, autoDraw=False, autoLog=True, bold=False, color=array([1, 1, 1]), colorSpace='rgb', contrast=1.0, depth=-1.0, flipHoriz=False, flipVert=False, font='Open Sans', fontFiles=[], height=0.05, italic=False, languageStyle='LTR', name='Recog_Question', opacity=1.0, ori=0.0, pos=array([0.  , 0.35]), rgb=UNKNOWN, text='Did you see this landmark? \n', units='height', win=Window(...), wrapWidth=1)
16.6660 	EXP 	Created text_4 = TextStim(__class__=<class 'psychopy.visual.text.TextStim'>, alignHoriz=method-wrapper(...), alignText='center', alignVert=method-wrapper(...), anchorHoriz='center', anchorVert='center', antialias=True, autoDraw=False, autoLog=True, bold=False, color=array([1, 1, 1]), colorSpace='rgb', contrast=1.0, depth=-3.0, flipHoriz=False, flipVert=False, font='Open Sans', fontFiles=[], height=0.05, italic=False, languageStyle='LTR', name='text_4', opacity=1.0, ori=0.0, pos=array([ 0.  , -0.43]), rgb=UNKNOWN, text="Click 'y' for yes and 'n' for no", units='height', win=Window(...), wrapWidth=1)
16.6716 	EXP 	Created text_3 = TextStim(__class__=<class 'psychopy.visual.text.TextStim'>, alignHoriz=method-wrapper(...), alignText='center', alignVert=method-wrapper(...), anchorHoriz='center', anchorVert='center', antialias=True, autoDraw=False, autoLog=True, bold=False, color=array([1, 1, 1]), colorSpace='rgb', contrast=1.0, depth=0.0, flipHoriz=False, flipVert=False, font='Open Sans', fontFiles=[], height=0.05, italic=False, languageStyle='LTR', name='text_3', opacity=1.0, ori=0.0, pos=array([0., 0.]), rgb=UNKNOWN, text=str(...), units='height', win=Window(...), wrapWidth=1)
16.6918 	EXP 	text: autoDraw = True
19.6957 	EXP 	text: autoDraw = False
19.6957 	EXP 	text_2: autoDraw = True
21.2023 	EXP 	Imported LandmarkRecog_Stims.xlsx as conditions, 40 conditions, 2 params
21.2033 	EXP 	Created sequence: sequential, trialTypes=40, nReps=1, seed=None
21.2036 	EXP 	New trial (rep=0, index=0): {'image': 'Recognition/Correct/Landmark9.jpeg', 'correct_key': 'y'}
21.9398 	DATA 	Keypress: space
22.1495 	EXP 	text_2: autoDraw = False
22.1495 	EXP 	LandmarkImage: image = 'Recognition/Correct/Landmark9.jpeg'
22.1495 	EXP 	LandmarkImage: autoDraw = True
22.1495 	EXP 	Recog_Question: autoDraw = True
22.1495 	EXP 	text_4: autoDraw = True
28.6703 	DATA 	Keypress: escape
29.7029 	EXP 	window1: mouseVisible = True
