6.0555 	WARNING 	We strongly recommend you activate the PTB sound engine in PsychoPy prefs as the preferred audio engine. Its timing is vastly superior. Your prefs are currently set to use ['sounddevice', 'PTB', 'pyo', 'pygame'] (in that order).
13.1531 	WARNING 	User requested fullscreen with size [1024  768], but screen is actually [1920, 1080]. Using actual size
15.3735 	WARNING 	Couldn't measure a consistent frame rate!
  - Is your graphics card set to sync to vertical blank?
  - Are you running other processes on your computer?

15.3742 	EXP 	Created window1 = Window(allowGUI=True, allowStencil=False, autoLog=True, backendConf=UNKNOWN, bitsMode=UNKNOWN, blendMode='avg', bpc=(8, 8, 8), color=array([0, 0, 0]), colorSpace='rgb', depthBits=8, fullscr=<method-wrapper '__getattribute__' of attributeSetter object at 0x7fcfe9fe49d0>, gamma=None, gammaErrorPolicy='raise', lms=UNKNOWN, monitor=<psychopy.monitors.calibTools.Monitor object at 0x7fcfb77eebe0>, multiSample=False, name='window1', numSamples=2, pos=[0.0, 0.0], screen=0, size=array([1920, 1080]), stencilBits=0, stereo=False, units='height', useFBO=True, useRetina=False, viewOri=0.0, viewPos=None, viewScale=None, waitBlanking=True, winType='pyglet')
15.3744 	EXP 	window1: mouseVisible = True
15.3755 	EXP 	window1: mouseVisible = False
15.3755 	EXP 	window1: Attempting to measure frame rate of screen (0) ...
15.3755 	EXP 	window1: recordFrameIntervals = False
15.4566 	EXP 	window1: recordFrameIntervals = True
15.8509 	WARNING 	t of last frame was 24.46ms (=1/40)
16.2936 	WARNING 	Couldn't measure a consistent frame rate!
  - Is your graphics card set to sync to vertical blank?
  - Are you running other processes on your computer?

20.7474 	EXP 	Created text = TextStim(__class__=<class 'psychopy.visual.text.TextStim'>, alignHoriz=method-wrapper(...), alignText='center', alignVert=method-wrapper(...), anchorHoriz='center', anchorVert='center', antialias=True, autoDraw=False, autoLog=True, bold=False, color=array([1, 1, 1]), colorSpace='rgb', contrast=1.0, depth=0.0, flipHoriz=False, flipVert=False, font='Open Sans', fontFiles=[], height=0.1, italic=False, languageStyle='LTR', name='text', opacity=1.0, ori=0.0, pos=array([0., 0.]), rgb=UNKNOWN, text='Welcome to the SEAL Landmark Recognition Task', units='height', win=Window(...), wrapWidth=1)
20.7725 	EXP 	Created text_2 = TextStim(__class__=<class 'psychopy.visual.text.TextStim'>, alignHoriz=method-wrapper(...), alignText='center', alignVert=method-wrapper(...), anchorHoriz='center', anchorVert='center', antialias=True, autoDraw=False, autoLog=True, bold=False, color=array([1, 1, 1]), colorSpace='rgb', contrast=1.0, depth=0.0, flipHoriz=False, flipVert=False, font='Open Sans', fontFiles=[], height=0.05, italic=False, languageStyle='LTR', name='text_2', opacity=1.0, ori=0.0, pos=array([0., 0.]), rgb=UNKNOWN, text=str(...), units='height', win=Window(...), wrapWidth=1)
20.7893 	EXP 	Created LandmarkImage = ImageStim(__class__=<class 'psychopy.visual.image.ImageStim'>, anchor=('center', 'center'), autoLog=True, color=array([1, 1, 1]), colorSpace='rgb', contrast=1.0, depth=0.0, flipHoriz=False, flipVert=False, image='sin', interpolate=True, mask=None, maskParams=None, name='LandmarkImage', opacity=1.0, ori=0.0, pos=array([ 0.  , -0.02]), size=array([0.6, 0.7]), texRes=128.0, units='height', win=Window(...))
20.7941 	EXP 	Created Recog_Question = TextStim(__class__=<class 'psychopy.visual.text.TextStim'>, alignHoriz=method-wrapper(...), alignText='center', alignVert=method-wrapper(...), anchorHoriz='center', anchorVert='center', antialias=True, autoDraw=False, autoLog=True, bold=False, color=array([1, 1, 1]), colorSpace='rgb', contrast=1.0, depth=-1.0, flipHoriz=False, flipVert=False, font='Open Sans', fontFiles=[], height=0.05, italic=False, languageStyle='LTR', name='Recog_Question', opacity=1.0, ori=0.0, pos=array([0.  , 0.37]), rgb=UNKNOWN, text='Did you see this landmark? \n', units='height', win=Window(...), wrapWidth=1)
20.7983 	EXP 	Created text_4 = TextStim(__class__=<class 'psychopy.visual.text.TextStim'>, alignHoriz=method-wrapper(...), alignText='center', alignVert=method-wrapper(...), anchorHoriz='center', anchorVert='center', antialias=True, autoDraw=False, autoLog=True, bold=False, color=array([1, 1, 1]), colorSpace='rgb', contrast=1.0, depth=-3.0, flipHoriz=False, flipVert=False, font='Open Sans', fontFiles=[], height=0.05, italic=False, languageStyle='LTR', name='text_4', opacity=1.0, ori=0.0, pos=array([ 0.  , -0.43]), rgb=UNKNOWN, text="Click 'y' for yes and 'n' for no", units='height', win=Window(...), wrapWidth=1)
20.8042 	EXP 	Created text_3 = TextStim(__class__=<class 'psychopy.visual.text.TextStim'>, alignHoriz=method-wrapper(...), alignText='center', alignVert=method-wrapper(...), anchorHoriz='center', anchorVert='center', antialias=True, autoDraw=False, autoLog=True, bold=False, color=array([1, 1, 1]), colorSpace='rgb', contrast=1.0, depth=0.0, flipHoriz=False, flipVert=False, font='Open Sans', fontFiles=[], height=0.05, italic=False, languageStyle='LTR', name='text_3', opacity=1.0, ori=0.0, pos=array([0., 0.]), rgb=UNKNOWN, text=str(...), units='height', win=Window(...), wrapWidth=1)
20.8166 	WARNING 	t of last frame was 4523.37ms (=1/0)
20.8166 	EXP 	text: autoDraw = True
23.8116 	EXP 	text: autoDraw = False
23.8116 	EXP 	text_2: autoDraw = True
27.1830 	EXP 	Imported LandmarkRecog_Stims.xlsx as conditions, 40 conditions, 2 params
27.1850 	EXP 	Created sequence: sequential, trialTypes=40, nReps=1, seed=None
27.1853 	EXP 	New trial (rep=0, index=0): {'image': 'Recognition/Correct/Landmark9.jpeg', 'correct_key': 'y'}
27.8373 	DATA 	Keypress: space
27.8901 	WARNING 	t of last frame was 747.30ms (=1/1)
27.8901 	EXP 	text_2: autoDraw = False
27.8901 	EXP 	LandmarkImage: image = 'Recognition/Correct/Landmark9.jpeg'
27.8901 	EXP 	LandmarkImage: autoDraw = True
27.8901 	EXP 	Recog_Question: autoDraw = True
27.8901 	EXP 	text_4: autoDraw = True
28.2868 	WARNING 	t of last frame was 22.70ms (=1/44)
28.4702 	WARNING 	Multiple dropped frames have occurred - I'll stop bothering you about them!
33.3270 	DATA 	Keypress: escape
34.4543 	EXP 	window1: mouseVisible = True
